<?xml version="1.0" encoding="UTF-8"?>
<!-- Generated by org.testng.reporters.JUnitXMLReporter -->
<testsuite ignored="0" hostname="Admins-MacBook-Air-30.local" failures="0" tests="11" name="Default test" time="141.825" errors="0" timestamp="2023-06-12T17:40:47 IST">
  <testcase classname="com.fairplay.test.InstantWithdrawalPositiveTestCases" name="login" time="54.842"/>
  <testcase classname="com.fairplay.test.InstantWithdrawalPositiveTestCases" name="checkAccessTokenAfterLogin" time="0.013"/>
  <testcase classname="com.fairplay.test.InstantWithdrawalPositiveTestCases" name="getWalletAmt" time="5.123"/>
  <testcase classname="com.fairplay.test.InstantWithdrawalPositiveTestCases" name="verifyInstantWithdraw" time="13.999"/>
  <testcase classname="com.fairplay.test.InstantWithdrawalPositiveTestCases" name="WithdrawValidAmt" time="24.628"/>
  <testcase classname="com.fairplay.test.InstantWithdrawalPositiveTestCases" name="checkWithdrawalReq" time="1.634"/>
  <testcase classname="com.fairplay.test.InstantWithdrawalPositiveTestCases" name="getWalletAmtAfterWithdrawal" time="4.103"/>
  <testcase classname="com.fairplay.test.InstantWithdrawalPositiveTestCases" name="cancelWithdrawalReq" time="4.795"/>
  <testcase classname="com.fairplay.test.InstantWithdrawalPositiveTestCases" name="getWalletAmtAfterCancellingWithdrawal" time="3.574"/>
  <testcase classname="com.fairplay.test.InstantWithdrawalPositiveTestCases" name="logout" time="28.856"/>
  <testcase classname="com.fairplay.test.InstantWithdrawalPositiveTestCases" name="checkAccessTokenAfterLogout" time="0.009"/>
</testsuite> <!-- Default test -->
