<?xml version="1.0" encoding="UTF-8"?>
<!-- Generated by org.testng.reporters.JUnitXMLReporter -->
<testsuite ignored="0" hostname="Admins-MacBook-Air-30.local" failures="0" tests="7" name="Test" time="99.407" errors="0" timestamp="2023-05-05T11:03:58 IST">
  <testcase classname="com.fairplay.test.affliliate.AffiliateSignUpFlowThroughQuick_Signup2" name="checkVisibilityOfWhatsApp" time="20.211"/>
  <testcase classname="com.fairplay.test.affliliate.AffiliateSignUpFlowThroughQuick_Signup2" name="verifySignupWithStrongPwd" time="26.302"/>
  <testcase classname="com.fairplay.test.affliliate.AffiliateSignUpFlowThroughQuick_Signup2" name="verifyCheckBox" time="0.561"/>
  <testcase classname="com.fairplay.test.affliliate.AffiliateSignUpFlowThroughQuick_Signup2" name="verifyDepositPageBanner" time="16.317"/>
  <testcase classname="com.fairplay.test.affliliate.AffiliateSignUpFlowThroughQuick_Signup2" name="verifyWithdrawalPageBanner" time="11.217"/>
  <testcase classname="com.fairplay.test.affliliate.AffiliateSignUpFlowThroughQuick_Signup2" name="verifyWhatsAppProfile" time="20.474"/>
  <testcase classname="com.fairplay.test.affliliate.AffiliateSignUpFlowThroughQuick_Signup2" name="verifyLogout" time="4.264"/>
</testsuite> <!-- Test -->
