<?xml version="1.0" encoding="UTF-8"?>
<!-- Generated by org.testng.reporters.JUnitXMLReporter -->
<testsuite ignored="0" hostname="Admins-MacBook-Air-8.local" failures="0" tests="2" name="Test2" time="0.047" errors="0" timestamp="2023-01-23T12:03:52 IST">
  <testcase classname="com.framework.testlibrary.ExtendReportManager" name="@BeforeMethod createExtentTest" time="0.005">
    <failure type="java.lang.NullPointerException" message="Cannot invoke &amp;quot;com.aventstack.extentreports.ExtentReports.createTest(String)&amp;quot; because &amp;quot;com.framework.testlibrary.ExtendReportManager.extentReports&amp;quot; is null">
      <![CDATA[java.lang.NullPointerException: Cannot invoke "com.aventstack.extentreports.ExtentReports.createTest(String)" because "com.framework.testlibrary.ExtendReportManager.extentReports" is null
at com.framework.testlibrary.ExtendReportManager.createExtentTest(ExtendReportManager.java:28)
at java.base/java.util.ArrayList.forEach(ArrayList.java:1511)
... Removed 31 stack frames]]>
    </failure>
  </testcase> <!-- @BeforeMethod createExtentTest -->
  <testcase classname="com.framework.testlibrary.ExtendReportManager" name="@BeforeMethod createExtentTest" time="0.0">
    <failure type="java.lang.NullPointerException" message="Cannot invoke &amp;quot;com.aventstack.extentreports.ExtentReports.createTest(String)&amp;quot; because &amp;quot;com.framework.testlibrary.ExtendReportManager.extentReports&amp;quot; is null">
      <![CDATA[java.lang.NullPointerException: Cannot invoke "com.aventstack.extentreports.ExtentReports.createTest(String)" because "com.framework.testlibrary.ExtendReportManager.extentReports" is null
at com.framework.testlibrary.ExtendReportManager.createExtentTest(ExtendReportManager.java:28)
at java.base/java.util.ArrayList.forEach(ArrayList.java:1511)
... Removed 31 stack frames]]>
    </failure>
  </testcase> <!-- @BeforeMethod createExtentTest -->
  <testcase classname="com.fairplay.test.LoginPositiveTestCases" name="verifyLoginPositiveTc" time="0.0">
    <skipped/>
  </testcase> <!-- verifyLoginPositiveTc -->
  <testcase classname="com.fairplay.test.LoginPositiveTestCases" name="logout" time="0.001">
    <skipped/>
  </testcase> <!-- logout -->
</testsuite> <!-- Test2 -->
