<?xml version="1.0" encoding="UTF-8"?>
<!-- Generated by org.testng.reporters.JUnitXMLReporter -->
<testsuite ignored="2" hostname="Admins-MacBook-Air-30.local" failures="2" tests="2" name="Test" time="30.366" errors="0" timestamp="2023-05-30T12:55:21 IST">
  <testcase classname="com.fairplay.admin.test.AdminLoginTestCase" name="verifyLoginPositiveTc" time="10.855">
    <failure type="java.lang.AssertionError" message="did not expect [null] but found [null]">
      <![CDATA[java.lang.AssertionError: did not expect [null] but found [null]
at com.fairplay.admin.test.AdminLoginTestCase.verifyLoginPositiveTc(AdminLoginTestCase.java:30)
at java.base/java.util.ArrayList.forEach(ArrayList.java:1511)
... Removed 30 stack frames]]>
    </failure>
  </testcase> <!-- verifyLoginPositiveTc -->
  <testcase classname="com.fairplay.admin.test.AdminLogoutTestCase" name="verifyLogoutPositiveTc" time="19.393">
    <failure type="java.lang.AssertionError" message="expected [null] but found [eyJhbGciOiJIUzI1NiIsInR5cCI6IkpXVCJ9.eyJfaWQiOiI2NDVjOThjMjI2YjY1ZTFkZDg0ZGQ1MmMiLCJlbWFpbCI6InRlamFsLmdhdmFkZUB3b2hsaWcuY29tIiwibmFtZSI6InRlamFsLmdhdmFkZUB3b2hsaWcuY29tIiwibG9naW5PbkRhdGUiOiIzMC1NYXktMjAyMyIsInJvbGUiOiJTdXBlciBBZG1pbiIsImF1dGhvcmlzZSI6W3siZmVhdHVyZSI6WyJWaWV3IiwiV2hhdHNhcHAgU2V0dGluZ3MgVmlldyIsIldoYXRzYXBwIFNldHRpbmdzIEVkaXQiLCJUZWxlZ3JhbSBTZXR0aW5ncyBWaWV3IiwiVGVsZWdyYW0gU2V0dGluZ3MgRWRpdCJdLCJwYWdlTmFtZSI6IlN5c3RlbSBDb25maWciLCJ1cmwiOiIvYm9udXMtY29uZmlnIn0seyJmZWF0dXJlIjpbIlZpZXciXSwicGFnZU5hbWUiOiJVc2VyIE90cCIsInVybCI6Ii91c2VyLW90cCJ9XSwiYWdlbnQiOmZhbHNlLCJpYXQiOjE2ODU0MzE1MDEsImV4cCI6MTY4NTQ1MzEwMX0.UfVBxkSqmj5HUgZW4ytVVN2EbH9oNR6ZYP_KTLZKiwA]">
      <![CDATA[java.lang.AssertionError: expected [null] but found [eyJhbGciOiJIUzI1NiIsInR5cCI6IkpXVCJ9.eyJfaWQiOiI2NDVjOThjMjI2YjY1ZTFkZDg0ZGQ1MmMiLCJlbWFpbCI6InRlamFsLmdhdmFkZUB3b2hsaWcuY29tIiwibmFtZSI6InRlamFsLmdhdmFkZUB3b2hsaWcuY29tIiwibG9naW5PbkRhdGUiOiIzMC1NYXktMjAyMyIsInJvbGUiOiJTdXBlciBBZG1pbiIsImF1dGhvcmlzZSI6W3siZmVhdHVyZSI6WyJWaWV3IiwiV2hhdHNhcHAgU2V0dGluZ3MgVmlldyIsIldoYXRzYXBwIFNldHRpbmdzIEVkaXQiLCJUZWxlZ3JhbSBTZXR0aW5ncyBWaWV3IiwiVGVsZWdyYW0gU2V0dGluZ3MgRWRpdCJdLCJwYWdlTmFtZSI6IlN5c3RlbSBDb25maWciLCJ1cmwiOiIvYm9udXMtY29uZmlnIn0seyJmZWF0dXJlIjpbIlZpZXciXSwicGFnZU5hbWUiOiJVc2VyIE90cCIsInVybCI6Ii91c2VyLW90cCJ9XSwiYWdlbnQiOmZhbHNlLCJpYXQiOjE2ODU0MzE1MDEsImV4cCI6MTY4NTQ1MzEwMX0.UfVBxkSqmj5HUgZW4ytVVN2EbH9oNR6ZYP_KTLZKiwA]
at com.fairplay.admin.test.AdminLogoutTestCase.verifyLogoutPositiveTc(AdminLogoutTestCase.java:19)
at java.base/java.util.ArrayList.forEach(ArrayList.java:1511)
... Removed 31 stack frames]]>
    </failure>
  </testcase> <!-- verifyLogoutPositiveTc -->
  <testcase classname="com.fairplay.admin.test.Admin_BaseTest" name="@BeforeSuite initializeBrowser" time="0.0">
    <ignored/>
  </testcase> <!-- @BeforeSuite initializeBrowser -->
  <testcase classname="com.fairplay.admin.test.Admin_BaseTest" name="@AfterSuite generateExtentReports" time="0.0">
    <ignored/>
  </testcase> <!-- @AfterSuite generateExtentReports -->
</testsuite> <!-- Test -->
