<?xml version="1.0" encoding="UTF-8"?>
<!-- Generated by org.testng.reporters.JUnitXMLReporter -->
<testsuite ignored="0" hostname="Admins-MacBook-Air-8.local" failures="2" tests="2" name="verifyLoginPositiveTc" time="0.018" errors="0" timestamp="2023-01-23T14:57:38 IST">
  <testcase classname="com.fairplay.test.LoginPositiveTestCases" name="verifyLoginPositiveTc" time="0.005">
    <failure type="java.lang.NullPointerException" message="Cannot invoke &amp;quot;com.aventstack.extentreports.ExtentTest.info(String)&amp;quot; because &amp;quot;com.fairplay.test.LoginPositiveTestCases.extentTest&amp;quot; is null">
      <![CDATA[java.lang.NullPointerException: Cannot invoke "com.aventstack.extentreports.ExtentTest.info(String)" because "com.fairplay.test.LoginPositiveTestCases.extentTest" is null
at com.fairplay.test.LoginPositiveTestCases.verifyLoginPositiveTc(LoginPositiveTestCases.java:18)
at java.base/java.util.ArrayList.forEach(ArrayList.java:1511)
... Removed 27 stack frames]]>
    </failure>
  </testcase> <!-- verifyLoginPositiveTc -->
  <testcase classname="com.fairplay.test.LoginPositiveTestCases" name="logout" time="0.002">
    <failure type="java.lang.NullPointerException" message="Cannot invoke &amp;quot;com.fairplay.main.FairplayLoginPage.profileClick()&amp;quot; because &amp;quot;this.loginpage&amp;quot; is null">
      <![CDATA[java.lang.NullPointerException: Cannot invoke "com.fairplay.main.FairplayLoginPage.profileClick()" because "this.loginpage" is null
at com.fairplay.test.LoginPositiveTestCases.logout(LoginPositiveTestCases.java:35)
at java.base/java.util.ArrayList.forEach(ArrayList.java:1511)
... Removed 27 stack frames]]>
    </failure>
  </testcase> <!-- logout -->
</testsuite> <!-- verifyLoginPositiveTc -->
