<?xml version="1.0" encoding="UTF-8"?>
<!-- Generated by org.testng.reporters.JUnitXMLReporter -->
<testsuite ignored="0" hostname="Admins-MacBook-Air-30.local" failures="0" tests="3" name="Test" time="17.958" errors="0" timestamp="2023-05-05T10:58:10 IST">
  <testcase classname="com.backendtest.fairplaysports.test.FpSportsCreateNewUserFromBackend" name="verifyLogin" time="10.196"/>
  <testcase classname="com.backendtest.fairplaysports.test.FpSportsCreateNewUserFromBackend" name="verifyCreateNewUser" time="6.248"/>
  <testcase classname="com.backendtest.fairplaysports.test.FpSportsCreateNewUserFromBackend" name="verifyLogout" time="1.453"/>
</testsuite> <!-- Test -->
