<?xml version="1.0" encoding="UTF-8"?>
<!-- Generated by org.testng.reporters.JUnitXMLReporter -->
<testsuite ignored="0" hostname="Admins-MacBook-Air-30.local" failures="0" tests="7" name="Test" time="80.828" errors="0" timestamp="2023-05-05T10:57:44 IST">
  <testcase classname="com.fairplay.test.affliliate.AffiliateSignUpFlowThroughRegistration2" name="checkVisibilityOfWhatsApp" time="10.254"/>
  <testcase classname="com.fairplay.test.affliliate.AffiliateSignUpFlowThroughRegistration2" name="verifySignupWithStrongPwd" time="35.268"/>
  <testcase classname="com.fairplay.test.affliliate.AffiliateSignUpFlowThroughRegistration2" name="verifyCheckBox" time="0.634"/>
  <testcase classname="com.fairplay.test.affliliate.AffiliateSignUpFlowThroughRegistration2" name="verifyDepositPageBanner" time="8.68"/>
  <testcase classname="com.fairplay.test.affliliate.AffiliateSignUpFlowThroughRegistration2" name="verifyWithdrawalPageBanner" time="1.333"/>
  <testcase classname="com.fairplay.test.affliliate.AffiliateSignUpFlowThroughRegistration2" name="verifyWhatsAppProfile" time="20.264"/>
  <testcase classname="com.fairplay.test.affliliate.AffiliateSignUpFlowThroughRegistration2" name="verifyLogout" time="4.334"/>
</testsuite> <!-- Test -->
