<?xml version="1.0" encoding="UTF-8"?>
<!-- Generated by org.testng.reporters.JUnitXMLReporter -->
<testsuite ignored="0" hostname="Admins-MacBook-Air-30.local" failures="2" tests="6" name="Test" time="38.203" errors="0" timestamp="2023-05-30T14:48:27 IST">
  <testcase classname="com.fairplay.admin.test.AdminPanelTelegramSettingTestCases" name="verifyLoginPositiveTc" time="36.79">
    <failure type="com.mongodb.MongoTimeoutException" message="Timed out after 30000 ms while waiting for a server that matches com.mongodb.client.internal.MongoClientDelegate$1@1984212d. Client view of cluster state is {type=REPLICA_SET, servers=[{address=fairplaydev-shard-00-00.dzuqc.mongodb.net:27017, type=UNKNOWN, state=CONNECTING, exception={com.mongodb.MongoSocketOpenException: Exception opening socket}, caused by {java.net.SocketTimeoutException: Connect timed out}}, {address=fairplaydev-shard-00-01.dzuqc.mongodb.net:27017, type=UNKNOWN, state=CONNECTING, exception={com.mongodb.MongoSocketOpenException: Exception opening socket}, caused by {java.net.SocketTimeoutException: Connect timed out}}, {address=fairplaydev-shard-00-02.dzuqc.mongodb.net:27017, type=UNKNOWN, state=CONNECTING, exception={com.mongodb.MongoSocketOpenException: Exception opening socket}, caused by {java.net.SocketTimeoutException: Connect timed out}}]">
      <![CDATA[com.mongodb.MongoTimeoutException: Timed out after 30000 ms while waiting for a server that matches com.mongodb.client.internal.MongoClientDelegate$1@1984212d. Client view of cluster state is {type=REPLICA_SET, servers=[{address=fairplaydev-shard-00-00.dzuqc.mongodb.net:27017, type=UNKNOWN, state=CONNECTING, exception={com.mongodb.MongoSocketOpenException: Exception opening socket}, caused by {java.net.SocketTimeoutException: Connect timed out}}, {address=fairplaydev-shard-00-01.dzuqc.mongodb.net:27017, type=UNKNOWN, state=CONNECTING, exception={com.mongodb.MongoSocketOpenException: Exception opening socket}, caused by {java.net.SocketTimeoutException: Connect timed out}}, {address=fairplaydev-shard-00-02.dzuqc.mongodb.net:27017, type=UNKNOWN, state=CONNECTING, exception={com.mongodb.MongoSocketOpenException: Exception opening socket}, caused by {java.net.SocketTimeoutException: Connect timed out}}]
at com.mongodb.internal.connection.BaseCluster.createTimeoutException(BaseCluster.java:408)
at com.mongodb.internal.connection.BaseCluster.selectServer(BaseCluster.java:123)
at com.mongodb.internal.connection.AbstractMultiServerCluster.selectServer(AbstractMultiServerCluster.java:54)
at com.mongodb.client.internal.MongoClientDelegate.getConnectedClusterDescription(MongoClientDelegate.java:157)
at com.mongodb.client.internal.MongoClientDelegate.createClientSession(MongoClientDelegate.java:105)
at com.mongodb.client.internal.MongoClientDelegate$DelegateOperationExecutor.getClientSession(MongoClientDelegate.java:287)
at com.mongodb.client.internal.MongoClientDelegate$DelegateOperationExecutor.execute(MongoClientDelegate.java:191)
at com.mongodb.client.internal.MongoClientDelegate$DelegateOperationExecutor.execute(MongoClientDelegate.java:180)
at com.mongodb.DBCursor.initializeCursor(DBCursor.java:989)
at com.mongodb.DBCursor.hasNext(DBCursor.java:172)
at com.fairplay.library.MongoDatabase.getValueFromDB(MongoDatabase.java:38)
at com.fairplay.admin.AdminLogin.getOtp(AdminLogin.java:70)
at com.fairplay.admin.test.AdminPanelTelegramSettingTestCases.verifyLoginPositiveTc(AdminPanelTelegramSettingTestCases.java:19)
at java.base/java.util.ArrayList.forEach(ArrayList.java:1511)
... Removed 26 stack frames]]>
    </failure>
  </testcase> <!-- verifyLoginPositiveTc -->
  <testcase classname="com.fairplay.admin.test.AdminPanelTelegramSettingTestCases" name="clickOnSystemBtn" time="1.115"/>
  <testcase classname="com.fairplay.admin.test.AdminPanelTelegramSettingTestCases" name="clickOnSystemConfigBtn" time="0.032"/>
  <testcase classname="com.fairplay.admin.test.AdminPanelTelegramSettingTestCases" name="clickOnCustomToggle" time="0.015"/>
  <testcase classname="com.fairplay.admin.test.AdminPanelTelegramSettingTestCases" name="verifyUpdateBtn" time="0.015"/>
  <testcase classname="com.fairplay.admin.test.AdminPanelTelegramSettingTestCases" name="verifyToasterMessage" time="0.008">
    <failure type="org.openqa.selenium.NoSuchWindowException" message="no such window: target window already closed
from unknown error: web view not found
  (Session info: chrome=113.0.5672.126)
Build info: version: &amp;apos;4.1.1&amp;apos;, revision: &amp;apos;e8fcc2cecf&amp;apos;
System info: host: &amp;apos;Admins-MacBook-Air-30.local&amp;apos;, ip: &amp;apos;fe80:0:0:0:498:3c06:178c:b131%en0&amp;apos;, os.name: &amp;apos;Mac OS X&amp;apos;, os.arch: &amp;apos;x86_64&amp;apos;, os.version: &amp;apos;13.2.1&amp;apos;, java.version: &amp;apos;18.0.2.1&amp;apos;
Driver info: org.openqa.selenium.chrome.ChromeDriver
Command: [45fd1844d573eb76fbf83dfd73ce2119, findElement {using=xpath, value=//div[@class = &amp;apos;v-toaster&amp;apos;]}]
Capabilities {acceptInsecureCerts: false, browserName: chrome, browserVersion: 113.0.5672.126, chrome: {chromedriverVersion: 113.0.5672.63 (0e1a4471d5ae..., userDataDir: /var/folders/n9/2bhdrs253tn...}, goog:chromeOptions: {debuggerAddress: localhost:61783}, javascriptEnabled: true, networkConnectionEnabled: false, pageLoadStrategy: normal, platform: MAC, platformName: MAC, proxy: Proxy(), se:cdp: ws://localhost:61783/devtoo..., se:cdpVersion: 113.0.5672.126, setWindowRect: true, strictFileInteractability: false, timeouts: {implicit: 0, pageLoad: 300000, script: 30000}, unhandledPromptBehavior: dismiss and notify, webauthn:extension:credBlob: true, webauthn:extension:largeBlob: true, webauthn:extension:minPinLength: true, webauthn:extension:prf: true, webauthn:virtualAuthenticators: true}
Session ID: 45fd1844d573eb76fbf83dfd73ce2119">
      <![CDATA[org.openqa.selenium.NoSuchWindowException: no such window: target window already closed
from unknown error: web view not found
  (Session info: chrome=113.0.5672.126)
Build info: version: '4.1.1', revision: 'e8fcc2cecf'
System info: host: 'Admins-MacBook-Air-30.local', ip: 'fe80:0:0:0:498:3c06:178c:b131%en0', os.name: 'Mac OS X', os.arch: 'x86_64', os.version: '13.2.1', java.version: '18.0.2.1'
Driver info: org.openqa.selenium.chrome.ChromeDriver
Command: [45fd1844d573eb76fbf83dfd73ce2119, findElement {using=xpath, value=//div[@class = 'v-toaster']}]
Capabilities {acceptInsecureCerts: false, browserName: chrome, browserVersion: 113.0.5672.126, chrome: {chromedriverVersion: 113.0.5672.63 (0e1a4471d5ae..., userDataDir: /var/folders/n9/2bhdrs253tn...}, goog:chromeOptions: {debuggerAddress: localhost:61783}, javascriptEnabled: true, networkConnectionEnabled: false, pageLoadStrategy: normal, platform: MAC, platformName: MAC, proxy: Proxy(), se:cdp: ws://localhost:61783/devtoo..., se:cdpVersion: 113.0.5672.126, setWindowRect: true, strictFileInteractability: false, timeouts: {implicit: 0, pageLoad: 300000, script: 30000}, unhandledPromptBehavior: dismiss and notify, webauthn:extension:credBlob: true, webauthn:extension:largeBlob: true, webauthn:extension:minPinLength: true, webauthn:extension:prf: true, webauthn:virtualAuthenticators: true}
Session ID: 45fd1844d573eb76fbf83dfd73ce2119
at org.openqa.selenium.remote.codec.w3c.W3CHttpResponseCodec.createException(W3CHttpResponseCodec.java:200)
at org.openqa.selenium.remote.codec.w3c.W3CHttpResponseCodec.decode(W3CHttpResponseCodec.java:133)
at org.openqa.selenium.remote.codec.w3c.W3CHttpResponseCodec.decode(W3CHttpResponseCodec.java:53)
at org.openqa.selenium.remote.HttpCommandExecutor.execute(HttpCommandExecutor.java:184)
at org.openqa.selenium.remote.service.DriverCommandExecutor.invokeExecute(DriverCommandExecutor.java:167)
at org.openqa.selenium.remote.service.DriverCommandExecutor.execute(DriverCommandExecutor.java:142)
at org.openqa.selenium.remote.RemoteWebDriver.execute(RemoteWebDriver.java:543)
at org.openqa.selenium.remote.ElementLocation$ElementFinder$2.findElement(ElementLocation.java:162)
at org.openqa.selenium.remote.ElementLocation.findElement(ElementLocation.java:60)
at org.openqa.selenium.remote.RemoteWebDriver.findElement(RemoteWebDriver.java:367)
at org.openqa.selenium.remote.RemoteWebDriver.findElement(RemoteWebDriver.java:359)
at org.openqa.selenium.support.pagefactory.DefaultElementLocator.findElement(DefaultElementLocator.java:70)
at org.openqa.selenium.support.pagefactory.internal.LocatingElementHandler.invoke(LocatingElementHandler.java:39)
at jdk.proxy2/jdk.proxy2.$Proxy20.getText(Unknown Source)
at com.fairplay.admin.AdminPanelTelegramSetting.getToasterMsg(AdminPanelTelegramSetting.java:237)
at com.fairplay.admin.test.AdminPanelTelegramSettingTestCases.verifyToasterMessage(AdminPanelTelegramSettingTestCases.java:84)
at java.base/java.util.ArrayList.forEach(ArrayList.java:1511)
... Removed 29 stack frames]]>
    </failure>
  </testcase> <!-- verifyToasterMessage -->
</testsuite> <!-- Test -->
